c:\users\mz7bf2\documents\visual studio 2013\projects\project1\project1\debug\vc120.pdb
c:\users\mz7bf2\documents\visual studio 2013\projects\project1\project1\debug\vc120.idb
c:\users\mz7bf2\documents\visual studio 2013\projects\project1\project1\debug\main.obj
c:\users\mz7bf2\documents\visual studio 2013\projects\project1\project1\debug\high_performance_counter.obj
c:\github\repository\software-renderer-summer-2017\project1\project1\debug\vc120.pdb
c:\github\repository\software-renderer-summer-2017\project1\project1\debug\vc120.idb
c:\github\repository\software-renderer-summer-2017\project1\project1\debug\high_performance_counter.obj
c:\github\repository\software-renderer-summer-2017\project1\project1\debug\main.obj
c:\users\mz7bf2\documents\visual studio 2013\projects\project1\debug\project1.ilk
c:\users\mz7bf2\documents\visual studio 2013\projects\project1\debug\project1.exe
c:\users\mz7bf2\documents\visual studio 2013\projects\project1\debug\project1.pdb
c:\github\repository\software-renderer-summer-2017\project1\debug\project1.pdb
c:\github\repository\software-renderer-summer-2017\project1\project1\debug\project1.tlog\cl.command.1.tlog
c:\github\repository\software-renderer-summer-2017\project1\project1\debug\project1.tlog\cl.read.1.tlog
c:\github\repository\software-renderer-summer-2017\project1\project1\debug\project1.tlog\cl.write.1.tlog
c:\github\repository\software-renderer-summer-2017\project1\project1\debug\project1.tlog\link-cvtres.read.1.tlog
c:\github\repository\software-renderer-summer-2017\project1\project1\debug\project1.tlog\link-cvtres.write.1.tlog
c:\github\repository\software-renderer-summer-2017\project1\project1\debug\project1.tlog\link-rc.read.1.tlog
c:\github\repository\software-renderer-summer-2017\project1\project1\debug\project1.tlog\link-rc.write.1.tlog
c:\github\repository\software-renderer-summer-2017\project1\project1\debug\project1.tlog\link.command.1.tlog
c:\github\repository\software-renderer-summer-2017\project1\project1\debug\project1.tlog\link.read.1.tlog
c:\github\repository\software-renderer-summer-2017\project1\project1\debug\project1.tlog\link.write.1.tlog
