Build started 6/6/2017 6:56:26 PM.
     1>Project "C:\Users\Ben Loisch\Documents\Visual Studio 2013\Projects\softwareRasterizer\softwareRasterizer\softwareRasterizer.vcxproj" on node 2 (Build target(s)).
     1>ClCompile:
         C:\Program Files (x86)\Microsoft Visual Studio 12.0\VC\bin\CL.exe /c /ZI /nologo /W3 /WX- /sdl /Od /Oy- /D WIN32 /D _DEBUG /D _WINDOWS /D _UNICODE /D UNICODE /Gm /EHsc /RTC1 /MDd /GS /fp:precise /Zc:wchar_t /Zc:forScope /Fo"Debug\\" /Fd"Debug\vc120.pdb" /Gd /TP /analyze- /errorReport:prompt Renderer.cpp
         Renderer.cpp
     1>c:\users\ben loisch\documents\visual studio 2013\projects\softwarerasterizer\softwarerasterizer\renderer.cpp(205): warning C4244: 'argument' : conversion from 'float' to 'int', possible loss of data
     1>c:\users\ben loisch\documents\visual studio 2013\projects\softwarerasterizer\softwarerasterizer\renderer.cpp(227): warning C4244: 'argument' : conversion from 'float' to 'int', possible loss of data
     1>c:\users\ben loisch\documents\visual studio 2013\projects\softwarerasterizer\softwarerasterizer\renderer.cpp(249): warning C4244: 'argument' : conversion from 'float' to 'int', possible loss of data
     1>c:\users\ben loisch\documents\visual studio 2013\projects\softwarerasterizer\softwarerasterizer\renderer.cpp(256): warning C4309: '=' : truncation of constant value
     1>c:\users\ben loisch\documents\visual studio 2013\projects\softwarerasterizer\softwarerasterizer\renderer.cpp(257): warning C4309: '=' : truncation of constant value
     1>c:\users\ben loisch\documents\visual studio 2013\projects\softwarerasterizer\softwarerasterizer\renderer.cpp(258): warning C4309: '=' : truncation of constant value
     1>c:\users\ben loisch\documents\visual studio 2013\projects\softwarerasterizer\softwarerasterizer\renderer.cpp(263): warning C4244: 'initializing' : conversion from 'double' to 'int', possible loss of data
     1>c:\users\ben loisch\documents\visual studio 2013\projects\softwarerasterizer\softwarerasterizer\renderer.cpp(264): warning C4244: 'initializing' : conversion from 'double' to 'int', possible loss of data
     1>c:\users\ben loisch\documents\visual studio 2013\projects\softwarerasterizer\softwarerasterizer\renderer.cpp(266): warning C4244: 'initializing' : conversion from 'double' to 'int', possible loss of data
     1>c:\users\ben loisch\documents\visual studio 2013\projects\softwarerasterizer\softwarerasterizer\renderer.cpp(267): warning C4244: 'initializing' : conversion from 'double' to 'int', possible loss of data
     1>c:\users\ben loisch\documents\visual studio 2013\projects\softwarerasterizer\softwarerasterizer\renderer.cpp(269): warning C4244: 'initializing' : conversion from 'double' to 'int', possible loss of data
     1>c:\users\ben loisch\documents\visual studio 2013\projects\softwarerasterizer\softwarerasterizer\renderer.cpp(270): warning C4244: 'initializing' : conversion from 'double' to 'int', possible loss of data
     1>c:\users\ben loisch\documents\visual studio 2013\projects\softwarerasterizer\softwarerasterizer\renderer.cpp(272): warning C4244: 'argument' : conversion from 'int' to 'float', possible loss of data
     1>c:\users\ben loisch\documents\visual studio 2013\projects\softwarerasterizer\softwarerasterizer\renderer.cpp(273): warning C4244: 'argument' : conversion from 'int' to 'float', possible loss of data
     1>c:\users\ben loisch\documents\visual studio 2013\projects\softwarerasterizer\softwarerasterizer\renderer.cpp(274): warning C4244: 'argument' : conversion from 'int' to 'float', possible loss of data
       Link:
         C:\Program Files (x86)\Microsoft Visual Studio 12.0\VC\bin\link.exe /ERRORREPORT:PROMPT /OUT:"C:\Users\Ben Loisch\Documents\Visual Studio 2013\Projects\softwareRasterizer\Debug\softwareRasterizer.exe" /INCREMENTAL /NOLOGO kernel32.lib user32.lib gdi32.lib winspool.lib comdlg32.lib advapi32.lib shell32.lib ole32.lib oleaut32.lib uuid.lib odbc32.lib odbccp32.lib /MANIFEST /MANIFESTUAC:"level='asInvoker' uiAccess='false'" /manifest:embed /DEBUG /PDB:"C:\Users\Ben Loisch\Documents\Visual Studio 2013\Projects\softwareRasterizer\Debug\softwareRasterizer.pdb" /SUBSYSTEM:WINDOWS /TLBID:1 /DYNAMICBASE /NXCOMPAT /IMPLIB:"C:\Users\Ben Loisch\Documents\Visual Studio 2013\Projects\softwareRasterizer\Debug\softwareRasterizer.lib" /MACHINE:X86 Debug\matrix.obj
         Debug\vector.obj
         Debug\High_Performance_Counter.obj
         Debug\Object.obj
         Debug\Renderer.obj
         Debug\Source.obj
         softwareRasterizer.vcxproj -> C:\Users\Ben Loisch\Documents\Visual Studio 2013\Projects\softwareRasterizer\Debug\softwareRasterizer.exe
     1>Done Building Project "C:\Users\Ben Loisch\Documents\Visual Studio 2013\Projects\softwareRasterizer\softwareRasterizer\softwareRasterizer.vcxproj" (Build target(s)).

Build succeeded.

Time Elapsed 00:00:01.76
