Build started 6/10/2017 1:19:48 PM.
     1>Project "C:\Github\Repository\Software-Renderer-summer-2017\Project1\Project1\Project1.vcxproj" on node 2 (Build target(s)).
     1>ClCompile:
         C:\Program Files (x86)\Microsoft Visual Studio 12.0\VC\bin\CL.exe /c /Zi /nologo /W3 /WX- /sdl /O2 /Oi /Oy- /GL /D _UNICODE /D UNICODE /Gm- /EHsc /MD /GS /Gy /fp:precise /Zc:wchar_t /Zc:forScope /Fo"Release\\" /Fd"Release\vc120.pdb" /Gd /TP /analyze- /errorReport:prompt BufferInterface.cpp Color_RGB.cpp High_Performance_Counter.cpp Main.cpp Win32WindowBuffer.cpp
         BufferInterface.cpp
         Color_RGB.cpp
         High_Performance_Counter.cpp
         Main.cpp
         Win32WindowBuffer.cpp
       Link:
         C:\Program Files (x86)\Microsoft Visual Studio 12.0\VC\bin\link.exe /ERRORREPORT:PROMPT /OUT:"C:\Github\Repository\Software-Renderer-summer-2017\Project1\Release\Project1.exe" /NOLOGO kernel32.lib user32.lib gdi32.lib winspool.lib comdlg32.lib advapi32.lib shell32.lib ole32.lib oleaut32.lib uuid.lib odbc32.lib odbccp32.lib /MANIFEST /MANIFESTUAC:"level='asInvoker' uiAccess='false'" /manifest:embed /DEBUG /PDB:"C:\Github\Repository\Software-Renderer-summer-2017\Project1\Release\Project1.pdb" /OPT:REF /OPT:ICF /LTCG /TLBID:1 /DYNAMICBASE /NXCOMPAT /IMPLIB:"C:\Github\Repository\Software-Renderer-summer-2017\Project1\Release\Project1.lib" /MACHINE:X86 /SAFESEH Release\BufferInterface.obj
         Release\Color_RGB.obj
         Release\High_Performance_Counter.obj
         Release\Main.obj
         Release\Win32WindowBuffer.obj
         Generating code
         Finished generating code
         Project1.vcxproj -> C:\Github\Repository\Software-Renderer-summer-2017\Project1\Release\Project1.exe
     1>Done Building Project "C:\Github\Repository\Software-Renderer-summer-2017\Project1\Project1\Project1.vcxproj" (Build target(s)).

Build succeeded.

Time Elapsed 00:00:03.32
