Build started 6/6/2017 6:59:00 PM.
     1>Project "C:\Users\Ben Loisch\Documents\Visual Studio 2013\Projects\softwareRasterizer\softwareRasterizer\softwareRasterizer.vcxproj" on node 2 (Build target(s)).
     1>ClCompile:
         C:\Program Files (x86)\Microsoft Visual Studio 12.0\VC\bin\CL.exe /c /Zi /nologo /W3 /WX- /sdl /O2 /Oi /Oy- /GL /D WIN32 /D NDEBUG /D _WINDOWS /D _UNICODE /D UNICODE /Gm- /EHsc /MD /GS /Gy /fp:precise /Zc:wchar_t /Zc:forScope /Fo"Release\\" /Fd"Release\vc120.pdb" /Gd /TP /analyze- /errorReport:prompt Renderer.cpp
         Renderer.cpp
     1>Renderer.cpp(205): warning C4244: 'argument' : conversion from 'float' to 'int', possible loss of data
     1>Renderer.cpp(227): warning C4244: 'argument' : conversion from 'float' to 'int', possible loss of data
     1>Renderer.cpp(249): warning C4244: 'argument' : conversion from 'float' to 'int', possible loss of data
     1>Renderer.cpp(256): warning C4309: '=' : truncation of constant value
     1>Renderer.cpp(257): warning C4309: '=' : truncation of constant value
     1>Renderer.cpp(258): warning C4309: '=' : truncation of constant value
     1>Renderer.cpp(263): warning C4244: 'initializing' : conversion from 'double' to 'int', possible loss of data
     1>Renderer.cpp(264): warning C4244: 'initializing' : conversion from 'double' to 'int', possible loss of data
     1>Renderer.cpp(266): warning C4244: 'initializing' : conversion from 'double' to 'int', possible loss of data
     1>Renderer.cpp(267): warning C4244: 'initializing' : conversion from 'double' to 'int', possible loss of data
     1>Renderer.cpp(269): warning C4244: 'initializing' : conversion from 'double' to 'int', possible loss of data
     1>Renderer.cpp(270): warning C4244: 'initializing' : conversion from 'double' to 'int', possible loss of data
     1>Renderer.cpp(272): warning C4244: 'argument' : conversion from 'int' to 'float', possible loss of data
     1>Renderer.cpp(273): warning C4244: 'argument' : conversion from 'int' to 'float', possible loss of data
     1>Renderer.cpp(274): warning C4244: 'argument' : conversion from 'int' to 'float', possible loss of data
       Link:
         C:\Program Files (x86)\Microsoft Visual Studio 12.0\VC\bin\link.exe /ERRORREPORT:PROMPT /OUT:"C:\Users\Ben Loisch\Documents\Visual Studio 2013\Projects\softwareRasterizer\Release\softwareRasterizer.exe" /INCREMENTAL:NO /NOLOGO kernel32.lib user32.lib gdi32.lib winspool.lib comdlg32.lib advapi32.lib shell32.lib ole32.lib oleaut32.lib uuid.lib odbc32.lib odbccp32.lib /MANIFEST /MANIFESTUAC:"level='asInvoker' uiAccess='false'" /manifest:embed /DEBUG /PDB:"C:\Users\Ben Loisch\Documents\Visual Studio 2013\Projects\softwareRasterizer\Release\softwareRasterizer.pdb" /SUBSYSTEM:WINDOWS /OPT:REF /OPT:ICF /LTCG /TLBID:1 /DYNAMICBASE /NXCOMPAT /IMPLIB:"C:\Users\Ben Loisch\Documents\Visual Studio 2013\Projects\softwareRasterizer\Release\softwareRasterizer.lib" /MACHINE:X86 /SAFESEH Release\matrix.obj
         Release\vector.obj
         Release\High_Performance_Counter.obj
         Release\Object.obj
         Release\Renderer.obj
         Release\Source.obj
         Generating code
         Finished generating code
         softwareRasterizer.vcxproj -> C:\Users\Ben Loisch\Documents\Visual Studio 2013\Projects\softwareRasterizer\Release\softwareRasterizer.exe
     1>Done Building Project "C:\Users\Ben Loisch\Documents\Visual Studio 2013\Projects\softwareRasterizer\softwareRasterizer\softwareRasterizer.vcxproj" (Build target(s)).

Build succeeded.

Time Elapsed 00:00:03.22
